<?xml version="1.0" encoding="UTF-8"?>
<!-- Generated by org.testng.reporters.JUnitReportReporter -->
<testsuite hostname="DESKTOP-HLPPJJ0" failures="0" tests="1" name="com.inetbankg.testCases.TC_LoginTest_001" time="9.978" errors="0" timestamp="2022-06-25T16:56:36 PDT" skipped="0">
  <testcase classname="com.inetbankg.testCases.TC_LoginTest_001" name="logintest" time="9.978"/>
  <system-out/>
</testsuite> <!-- com.inetbankg.testCases.TC_LoginTest_001 -->
